TN:
SF:extended_formatting.js
FN:1,uniqueValues
FN:5,letterFrequency
FN:18,sortByKey
FN:19,(anonymous_3)
FN:29,deepClone
FN:32,intersection
FN:33,(anonymous_6)
FN:35,divide
FNF:8
FNH:8
FNDA:2,uniqueValues
FNDA:2,letterFrequency
FNDA:3,sortByKey
FNDA:12,(anonymous_3)
FNDA:2,deepClone
FNDA:2,intersection
FNDA:6,(anonymous_6)
FNDA:2,divide
DA:2,2
DA:6,2
DA:8,2
DA:9,5
DA:10,1
DA:12,4
DA:16,2
DA:19,3
DA:20,12
DA:21,8
DA:23,4
DA:24,3
DA:26,1
DA:30,2
DA:33,6
DA:36,2
DA:37,1
DA:39,1
DA:41,1
LF:19
LH:19
BRDA:9,0,0,1
BRDA:9,0,1,4
BRDA:20,1,0,8
BRDA:20,1,1,4
BRDA:23,2,0,3
BRDA:23,2,1,1
BRDA:36,3,0,1
BRDA:36,3,1,1
BRDA:36,4,0,2
BRDA:36,4,1,1
BRF:10
BRH:10
end_of_record
