{"C:\\Users\\AST\\Documents\\GitHub\\AB3_Unit_Testing_Jest\\Aufgabe2\\formatting.js": {"path":"C:\\Users\\AST\\Documents\\GitHub\\AB3_Unit_Testing_Jest\\Aufgabe2\\formatting.js","statementMap":{"0":{"start":{"line":1,"column":23},"end":{"line":1,"column":46}},"1":{"start":{"line":1,"column":34},"end":{"line":1,"column":46}},"2":{"start":{"line":6,"column":14},"end":{"line":6,"column":27}},"3":{"start":{"line":9,"column":2},"end":{"line":14,"column":3}},"4":{"start":{"line":9,"column":15},"end":{"line":9,"column":16}},"5":{"start":{"line":11,"column":4},"end":{"line":13,"column":5}},"6":{"start":{"line":12,"column":6},"end":{"line":12,"column":38}},"7":{"start":{"line":15,"column":2},"end":{"line":15,"column":30}},"8":{"start":{"line":18,"column":24},"end":{"line":18,"column":77}},"9":{"start":{"line":18,"column":36},"end":{"line":18,"column":77}},"10":{"start":{"line":23,"column":14},"end":{"line":23,"column":37}},"11":{"start":{"line":24,"column":16},"end":{"line":24,"column":18}},"12":{"start":{"line":27,"column":2},"end":{"line":31,"column":3}},"13":{"start":{"line":29,"column":20},"end":{"line":29,"column":35}},"14":{"start":{"line":30,"column":4},"end":{"line":30,"column":28}},"15":{"start":{"line":33,"column":2},"end":{"line":33,"column":30}},"16":{"start":{"line":36,"column":0},"end":{"line":41,"column":2}}},"fnMap":{"0":{"name":"(anonymous_0)","decl":{"start":{"line":1,"column":23},"end":{"line":1,"column":24}},"loc":{"start":{"line":1,"column":34},"end":{"line":1,"column":46}},"line":1},"1":{"name":"isPalindrome","decl":{"start":{"line":3,"column":9},"end":{"line":3,"column":21}},"loc":{"start":{"line":3,"column":30},"end":{"line":16,"column":1}},"line":3},"2":{"name":"(anonymous_2)","decl":{"start":{"line":18,"column":24},"end":{"line":18,"column":25}},"loc":{"start":{"line":18,"column":36},"end":{"line":18,"column":77}},"line":18},"3":{"name":"lengthOfLongestWord","decl":{"start":{"line":20,"column":9},"end":{"line":20,"column":28}},"loc":{"start":{"line":20,"column":34},"end":{"line":34,"column":1}},"line":20}},"branchMap":{"0":{"loc":{"start":{"line":11,"column":4},"end":{"line":13,"column":5}},"type":"if","locations":[{"start":{"line":11,"column":4},"end":{"line":13,"column":5}},{"start":{},"end":{}}],"line":11}},"s":{"0":1,"1":1,"2":2,"3":2,"4":2,"5":4,"6":1,"7":1,"8":1,"9":1,"10":1,"11":1,"12":1,"13":9,"14":9,"15":1,"16":1},"f":{"0":1,"1":2,"2":1,"3":1},"b":{"0":[1,3]},"_coverageSchema":"1a1c01bbd47fc00a2c39e90264f33305004495a9","hash":"f19349d160b64110865e11db596708745f6f28f1"}
}
